[error] java.util.NoSuchElementException: None.get
[error] 	at scala.None$.get(Option.scala:529)
[error] 	at scala.None$.get(Option.scala:527)
[error] 	at testCORDIC$$anon$3.$anonfun$new$10(testCORDIC.scala:108)
[error] 	at scala.collection.immutable.Range.foreach$mVc$sp(Range.scala:158)
[error] 	at testCORDIC$$anon$3.<init>(testCORDIC.scala:97)
[error] 	at testCORDIC$.$anonfun$new$9(testCORDIC.scala:96)
[error] 	at chisel3.iotesters.Driver$.$anonfun$execute$4(Driver.scala:68)
[error] 	at scala.runtime.java8.JFunction0$mcZ$sp.apply(JFunction0$mcZ$sp.java:23)
[error] 	at scala.util.DynamicVariable.withValue(DynamicVariable.scala:62)
[error] 	at chisel3.iotesters.Driver$.$anonfun$execute$2(Driver.scala:67)
[error] 	at scala.runtime.java8.JFunction0$mcZ$sp.apply(JFunction0$mcZ$sp.java:23)
[error] 	at logger.Logger$.$anonfun$makeScope$2(Logger.scala:168)
[error] 	at scala.util.DynamicVariable.withValue(DynamicVariable.scala:62)
[error] 	at logger.Logger$.makeScope(Logger.scala:166)
[error] 	at logger.Logger$.makeScope(Logger.scala:127)
[error] 	at chisel3.iotesters.Driver$.$anonfun$execute$1(Driver.scala:38)
[error] 	at scala.runtime.java8.JFunction0$mcZ$sp.apply(JFunction0$mcZ$sp.java:23)
[error] 	at scala.util.DynamicVariable.withValue(DynamicVariable.scala:62)
[error] 	at chisel3.iotesters.Driver$.execute(Driver.scala:38)
[error] 	at chisel3.iotesters.Driver$.apply(Driver.scala:238)
[error] 	at testCORDIC$.delayedEndpoint$testCORDIC$1(testCORDIC.scala:95)
[error] 	at testCORDIC$delayedInit$body.apply(testCORDIC.scala:7)
[error] 	at scala.Function0.apply$mcV$sp(Function0.scala:39)
[error] 	at scala.Function0.apply$mcV$sp$(Function0.scala:39)
[error] 	at scala.runtime.AbstractFunction0.apply$mcV$sp(AbstractFunction0.scala:17)
[error] 	at scala.App.$anonfun$main$1$adapted(App.scala:80)
[error] 	at scala.collection.immutable.List.foreach(List.scala:392)
[error] 	at scala.App.main(App.scala:80)
[error] 	at scala.App.main$(App.scala:78)
[error] 	at testCORDIC$.main(testCORDIC.scala:7)
[error] 	at testCORDIC.main(testCORDIC.scala)
[error] 	at sun.reflect.NativeMethodAccessorImpl.invoke0(Native Method)
[error] 	at sun.reflect.NativeMethodAccessorImpl.invoke(NativeMethodAccessorImpl.java:62)
[error] 	at sun.reflect.DelegatingMethodAccessorImpl.invoke(DelegatingMethodAccessorImpl.java:43)
[error] 	at java.lang.reflect.Method.invoke(Method.java:498)
[error] 	at sbt.Run.invokeMain(Run.scala:133)
[error] 	at sbt.Run.execute$1(Run.scala:82)
[error] 	at sbt.Run.$anonfun$runWithLoader$4(Run.scala:102)
[error] 	at scala.runtime.java8.JFunction0$mcV$sp.apply(JFunction0$mcV$sp.java:23)
[error] 	at scala.util.Try$.apply(Try.scala:213)
[error] 	at sbt.Run.directExecute$1(Run.scala:102)
[error] 	at sbt.Run.runWithLoader(Run.scala:111)
[error] 	at sbt.Defaults$.$anonfun$bgRunMainTask$7(Defaults.scala:1764)
[error] 	at sbt.Defaults$.$anonfun$termWrapper$2(Defaults.scala:1735)
[error] 	at scala.runtime.java8.JFunction0$mcV$sp.apply(JFunction0$mcV$sp.java:23)
[error] 	at scala.util.Try$.apply(Try.scala:213)
[error] 	at sbt.internal.BackgroundThreadPool$BackgroundRunnable.run(DefaultBackgroundJobService.scala:364)
[error] 	at java.util.concurrent.ThreadPoolExecutor.runWorker(ThreadPoolExecutor.java:1149)
[error] 	at java.util.concurrent.ThreadPoolExecutor$Worker.run(ThreadPoolExecutor.java:624)
[error] 	at java.lang.Thread.run(Thread.java:748)
[error] (Test / runMain) java.util.NoSuchElementException: None.get
